-------------------------------------------------------------------------------
Test set: As a data consumer, I want UI and DB book information are match.
-------------------------------------------------------------------------------
Tests run: 1, Failures: 1, Errors: 0, Skipped: 0, Time elapsed: 10.693 s <<< FAILURE! - in As a data consumer, I want UI and DB book information are match.
As a data consumer, I want UI and DB book information are match..Verify book information with DB #1  Time elapsed: 10.693 s  <<< FAILURE!
java.lang.AssertionError

